<?xml version="1.0" encoding="UTF-8"?>
<!-- Generated by org.testng.reporters.JUnitXMLReporter -->
<testsuite hostname="SEZT1FF221NCU" ignored="0" name="Open Cart Login Page Test" tests="3" failures="0" timestamp="03 Jul 2021 15:56:02 GMT" time="21.18" errors="0">
  <testcase name="forgotPwdLinkTest" time="0.05" classname="com.qa.opencart.tests.LoginPageTest"/>
  <testcase name="loginPageTitleTest" time="0.019" classname="com.qa.opencart.tests.LoginPageTest"/>
  <testcase name="loginTest" time="2.44" classname="com.qa.opencart.tests.LoginPageTest"/>
</testsuite> <!-- Open Cart Login Page Test -->
