<?xml version="1.0" encoding="UTF-8"?>
<!-- Generated by org.testng.reporters.JUnitXMLReporter -->
<testsuite hostname="SEZT1FF221NCU" ignored="0" name="Open Cart Registration Page Test" tests="3" failures="0" timestamp="03 Jul 2021 15:29:38 GMT" time="49.785" errors="0">
  <testcase name="userRegistrationTest" time="6.168" classname="com.qa.opencart.tests.RegistrationPageTest"/>
  <testcase name="userRegistrationTest" time="6.252" classname="com.qa.opencart.tests.RegistrationPageTest"/>
  <testcase name="userRegistrationTest" time="6.136" classname="com.qa.opencart.tests.RegistrationPageTest"/>
</testsuite> <!-- Open Cart Registration Page Test -->
