<?xml version="1.0" encoding="UTF-8"?>
<!-- Generated by org.testng.reporters.JUnitXMLReporter -->
<testsuite hostname="SEZT1FF221NCU" ignored="0" name="Open Cart Login Page Test" tests="3" failures="0" timestamp="03 Jul 2021 15:26:59 GMT" time="22.507" errors="0">
  <testcase name="forgotPwdLinkTest" time="0.228" classname="com.qa.opencart.tests.LoginPageTest"/>
  <testcase name="loginPageTitleTest" time="0.167" classname="com.qa.opencart.tests.LoginPageTest"/>
  <testcase name="loginTest" time="3.415" classname="com.qa.opencart.tests.LoginPageTest"/>
</testsuite> <!-- Open Cart Login Page Test -->
