<?xml version="1.0" encoding="UTF-8"?>
<!-- Generated by org.testng.reporters.JUnitXMLReporter -->
<testsuite hostname="SEZT1FF221NCU" ignored="0" name="Open Cart Login Page Test" tests="3" failures="0" timestamp="25 Aug 2021 06:55:00 GMT" time="20.069" errors="0">
  <testcase name="forgotPwdLinkTest" time="1.149" classname="com.qa.opencart.tests.LoginPageTest"/>
  <testcase name="loginPageTitleTest" time="0.027" classname="com.qa.opencart.tests.LoginPageTest"/>
  <testcase name="loginTest" time="4.91" classname="com.qa.opencart.tests.LoginPageTest"/>
</testsuite> <!-- Open Cart Login Page Test -->
