<?xml version="1.0" encoding="UTF-8"?>
<!-- Generated by org.testng.reporters.JUnitXMLReporter -->
<testsuite hostname="SEZT1FF221NCU" ignored="2" name="Default test" tests="1" failures="0" timestamp="2021-06-29T17:23:47 IST" time="16.924" errors="0">
  <testcase name="productInfoTest" time="7.241" classname="com.qa.opencart.tests.ProductInfoPageTest"/>
  <testcase name="productInfoHeaderTest" time="0.0" classname="com.qa.opencart.tests.ProductInfoPageTest">
    <ignored/>
  </testcase> <!-- productInfoHeaderTest -->
  <testcase name="productImagesTest" time="0.0" classname="com.qa.opencart.tests.ProductInfoPageTest">
    <ignored/>
  </testcase> <!-- productImagesTest -->
</testsuite> <!-- Default test -->
